Started GET "/" for ::1 at 2021-02-03 02:14:36 -0600
Processing by Rails::WelcomeController#index as HTML
  Rendering /home/jmartin/.rbenv/versions/2.7.0/lib/ruby/gems/2.7.0/gems/railties-6.1.1/lib/rails/templates/rails/welcome/index.html.erb
  Rendered /home/jmartin/.rbenv/versions/2.7.0/lib/ruby/gems/2.7.0/gems/railties-6.1.1/lib/rails/templates/rails/welcome/index.html.erb (Duration: 10.4ms | Allocations: 450)
Completed 200 OK in 38ms (Views: 19.0ms | ActiveRecord: 0.0ms | Allocations: 3646)


  [1m[35m (21.2ms)[0m  [1m[35mCREATE TABLE `schema_migrations` (`version` varchar(255) NOT NULL PRIMARY KEY)[0m
  [1m[35m (10.5ms)[0m  [1m[35mCREATE TABLE `ar_internal_metadata` (`key` varchar(255) NOT NULL PRIMARY KEY, `value` varchar(255), `created_at` datetime(6) NOT NULL, `updated_at` datetime(6) NOT NULL)[0m
  [1m[35m (0.1ms)[0m  [1m[34mSELECT GET_LOCK('3664083811000030320', 0)[0m
  [1m[35m (12.5ms)[0m  [1m[34mSELECT `schema_migrations`.`version` FROM `schema_migrations` ORDER BY `schema_migrations`.`version` ASC[0m
Migrating to CreatePosts (20210203085010)
  [1m[35m (10.5ms)[0m  [1m[35mCREATE TABLE `posts` (`id` bigint NOT NULL AUTO_INCREMENT PRIMARY KEY, `title` varchar(255), `body` text, `created_at` datetime(6) NOT NULL, `updated_at` datetime(6) NOT NULL)[0m
  [1m[36mTRANSACTION (0.1ms)[0m  [1m[35mBEGIN[0m
  [1m[36mActiveRecord::SchemaMigration Create (0.2ms)[0m  [1m[32mINSERT INTO `schema_migrations` (`version`) VALUES ('20210203085010')[0m
  [1m[36mTRANSACTION (1.1ms)[0m  [1m[35mCOMMIT[0m
  [1m[36mActiveRecord::InternalMetadata Load (0.5ms)[0m  [1m[34mSELECT `ar_internal_metadata`.* FROM `ar_internal_metadata` WHERE `ar_internal_metadata`.`key` = 'environment' LIMIT 1[0m
  [1m[36mTRANSACTION (0.2ms)[0m  [1m[35mBEGIN[0m
  [1m[36mActiveRecord::InternalMetadata Create (0.2ms)[0m  [1m[32mINSERT INTO `ar_internal_metadata` (`key`, `value`, `created_at`, `updated_at`) VALUES ('environment', 'development', '2021-02-03 08:50:21.256223', '2021-02-03 08:50:21.256223')[0m
  [1m[36mTRANSACTION (1.5ms)[0m  [1m[35mCOMMIT[0m
  [1m[35m (0.2ms)[0m  [1m[34mSELECT RELEASE_LOCK('3664083811000030320')[0m
  [1m[35m (0.2ms)[0m  [1m[34mSELECT `schema_migrations`.`version` FROM `schema_migrations` ORDER BY `schema_migrations`.`version` ASC[0m
Started GET "/" for ::1 at 2021-02-03 02:50:37 -0600
  [1m[35m (0.5ms)[0m  [1m[34mSELECT `schema_migrations`.`version` FROM `schema_migrations` ORDER BY `schema_migrations`.`version` ASC[0m
Processing by Rails::WelcomeController#index as HTML
  Rendering /home/jmartin/.rbenv/versions/2.7.0/lib/ruby/gems/2.7.0/gems/railties-6.1.1/lib/rails/templates/rails/welcome/index.html.erb
  Rendered /home/jmartin/.rbenv/versions/2.7.0/lib/ruby/gems/2.7.0/gems/railties-6.1.1/lib/rails/templates/rails/welcome/index.html.erb (Duration: 4.6ms | Allocations: 338)
Completed 200 OK in 15ms (Views: 7.4ms | ActiveRecord: 0.0ms | Allocations: 2472)


Started GET "/subjects" for ::1 at 2021-02-03 09:56:23 -0600
  [1m[35m (0.6ms)[0m  [1m[34mSELECT `schema_migrations`.`version` FROM `schema_migrations` ORDER BY `schema_migrations`.`version` ASC[0m
Processing by SubjectsController#index as HTML
  Rendering layout layouts/application.html.erb
  Rendering subjects/index.html.erb within layouts/application
  Rendered subjects/index.html.erb within layouts/application (Duration: 0.6ms | Allocations: 219)
[Webpacker] Compiling...
[Webpacker] Compiled all packs in /home/jmartin/Book/demo_project/public/packs
[Webpacker] Hash: 415a948d492e21802f43
Version: webpack 4.46.0
Time: 1418ms
Built at: 02/03/2021 9:56:26 AM
                                     Asset       Size       Chunks                         Chunk Names
    js/application-d5a3c3b4dce84b5eb605.js    125 KiB  application  [emitted] [immutable]  application
js/application-d5a3c3b4dce84b5eb605.js.map    139 KiB  application  [emitted] [dev]        application
                             manifest.json  364 bytes               [emitted]              
Entrypoint application = js/application-d5a3c3b4dce84b5eb605.js js/application-d5a3c3b4dce84b5eb605.js.map
[./app/javascript/channels sync recursive _channel\.js$] ./app/javascript/channels sync _channel\.js$ 160 bytes {application} [built]
[./app/javascript/channels/index.js] 211 bytes {application} [built]
[./app/javascript/packs/application.js] 492 bytes {application} [built]
[./node_modules/webpack/buildin/module.js] (webpack)/buildin/module.js 552 bytes {application} [built]
    + 3 hidden modules

  Rendered layout layouts/application.html.erb (Duration: 3584.4ms | Allocations: 25593)
Completed 200 OK in 3592ms (Views: 3586.8ms | ActiveRecord: 0.0ms | Allocations: 28158)


Started GET "/subjects/new" for ::1 at 2021-02-03 09:56:51 -0600
Processing by SubjectsController#new as HTML
  Rendering layout layouts/application.html.erb
  Rendering subjects/new.html.erb within layouts/application
  Rendered subjects/new.html.erb within layouts/application (Duration: 0.3ms | Allocations: 111)
[Webpacker] Everything's up-to-date. Nothing to do
  Rendered layout layouts/application.html.erb (Duration: 13.1ms | Allocations: 3222)
Completed 200 OK in 15ms (Views: 13.6ms | ActiveRecord: 0.0ms | Allocations: 3728)


Started GET "/subjects/1" for ::1 at 2021-02-03 09:56:59 -0600
Processing by SubjectsController#show as HTML
  Parameters: {"id"=>"1"}
  Rendering layout layouts/application.html.erb
  Rendering subjects/show.html.erb within layouts/application
  Rendered subjects/show.html.erb within layouts/application (Duration: 0.3ms | Allocations: 109)
[Webpacker] Everything's up-to-date. Nothing to do
  Rendered layout layouts/application.html.erb (Duration: 5.5ms | Allocations: 3216)
Completed 200 OK in 7ms (Views: 6.0ms | ActiveRecord: 0.0ms | Allocations: 3725)


Started GET "/subjects/1/edit" for ::1 at 2021-02-03 09:57:18 -0600
Processing by SubjectsController#edit as HTML
  Parameters: {"id"=>"1"}
  Rendering layout layouts/application.html.erb
  Rendering subjects/edit.html.erb within layouts/application
  Rendered subjects/edit.html.erb within layouts/application (Duration: 0.7ms | Allocations: 107)
[Webpacker] Everything's up-to-date. Nothing to do
  Rendered layout layouts/application.html.erb (Duration: 6.2ms | Allocations: 3213)
Completed 200 OK in 9ms (Views: 6.8ms | ActiveRecord: 0.0ms | Allocations: 3721)


Started GET "/" for ::1 at 2021-02-03 10:10:44 -0600
Processing by Rails::WelcomeController#index as HTML
  Rendering /home/jmartin/.rbenv/versions/2.7.0/lib/ruby/gems/2.7.0/gems/railties-6.1.1/lib/rails/templates/rails/welcome/index.html.erb
  Rendered /home/jmartin/.rbenv/versions/2.7.0/lib/ruby/gems/2.7.0/gems/railties-6.1.1/lib/rails/templates/rails/welcome/index.html.erb (Duration: 5.4ms | Allocations: 224)
Completed 200 OK in 8ms (Views: 7.0ms | Allocations: 947)


Started GET "/subjects/edit" for ::1 at 2021-02-03 10:10:54 -0600
Processing by SubjectsController#edit as HTML
  Rendering layout layouts/application.html.erb
  Rendering subjects/edit.html.erb within layouts/application
  Rendered subjects/edit.html.erb within layouts/application (Duration: 4.9ms | Allocations: 1791)
  Rendered layout layouts/application.html.erb (Duration: 5.4ms | Allocations: 1856)
Completed 500 Internal Server Error in 8ms (Allocations: 3809)


  
ActionView::Template::Error (No route matches {:action=>"edit", :controller=>"subjects", :id=>nil}, missing required keys: [:id]):
    1: <h1>Subjects#edit</h1>
    2: <p><%= link_to('Edit subject', edit_subject_path(@subject)) %></p>
  
app/views/subjects/edit.html.erb:2
Started GET "/subjects/1/edit" for ::1 at 2021-02-03 10:11:04 -0600
Processing by SubjectsController#edit as HTML
  Parameters: {"id"=>"1"}
  Rendering layout layouts/application.html.erb
  Rendering subjects/edit.html.erb within layouts/application
  Rendered subjects/edit.html.erb within layouts/application (Duration: 0.5ms | Allocations: 1066)
  Rendered layout layouts/application.html.erb (Duration: 0.8ms | Allocations: 1131)
Completed 500 Internal Server Error in 2ms (Allocations: 1560)


  
ActionView::Template::Error (No route matches {:action=>"edit", :controller=>"subjects", :id=>nil}, missing required keys: [:id]):
    1: <h1>Subjects#edit</h1>
    2: <p><%= link_to('Edit subject', edit_subject_path(@subject)) %></p>
  
app/views/subjects/edit.html.erb:2
Started GET "/" for ::1 at 2021-02-03 10:14:14 -0600
Processing by Rails::WelcomeController#index as HTML
  Rendering /home/jmartin/.rbenv/versions/2.7.0/lib/ruby/gems/2.7.0/gems/railties-6.1.1/lib/rails/templates/rails/welcome/index.html.erb
  Rendered /home/jmartin/.rbenv/versions/2.7.0/lib/ruby/gems/2.7.0/gems/railties-6.1.1/lib/rails/templates/rails/welcome/index.html.erb (Duration: 3.0ms | Allocations: 219)
Completed 200 OK in 6ms (Views: 4.5ms | Allocations: 892)


Started GET "/index" for ::1 at 2021-02-03 10:14:18 -0600
  
ActionController::RoutingError (No route matches [GET] "/index"):
  
Started GET "/subjects/index" for ::1 at 2021-02-03 10:14:29 -0600
Processing by SubjectsController#index as HTML
  Rendering layout layouts/application.html.erb
  Rendering subjects/index.html.erb within layouts/application
  Rendered subjects/index.html.erb within layouts/application (Duration: 0.6ms | Allocations: 156)
[Webpacker] Everything's up-to-date. Nothing to do
  Rendered layout layouts/application.html.erb (Duration: 7.2ms | Allocations: 3571)
Completed 200 OK in 9ms (Views: 8.0ms | Allocations: 4072)


Started GET "/subjects/edit" for ::1 at 2021-02-03 10:14:51 -0600
Processing by SubjectsController#edit as HTML
  Rendering layout layouts/application.html.erb
  Rendering subjects/edit.html.erb within layouts/application
  Rendered subjects/edit.html.erb within layouts/application (Duration: 0.6ms | Allocations: 1047)
  Rendered layout layouts/application.html.erb (Duration: 2.0ms | Allocations: 1112)
Completed 500 Internal Server Error in 3ms (Allocations: 1464)


  
ActionView::Template::Error (No route matches {:action=>"edit", :controller=>"subjects", :id=>nil}, missing required keys: [:id]):
    1: <h1>Subjects#edit</h1>
    2: <p><%= link_to('Edit subject', edit_subject_path(@subject)) %></p>
  
app/views/subjects/edit.html.erb:2
Started GET "/subjects/show" for ::1 at 2021-02-03 10:15:05 -0600
Processing by SubjectsController#show as HTML
  Rendering layout layouts/application.html.erb
  Rendering subjects/show.html.erb within layouts/application
  Rendered subjects/show.html.erb within layouts/application (Duration: 1.0ms | Allocations: 1593)
  Rendered layout layouts/application.html.erb (Duration: 1.4ms | Allocations: 1657)
Completed 500 Internal Server Error in 3ms (Allocations: 2129)


  
ActionView::Template::Error (undefined method `id' for nil:NilClass):
    1: <h1>Subjects#show</h1>
    2: <p> <%= link_to('Show subject', subject_path(@subject.id)) %> %></p>
  
app/views/subjects/show.html.erb:2
Started GET "/subjects/1/edit" for ::1 at 2021-02-03 10:15:26 -0600
Processing by SubjectsController#edit as HTML
  Parameters: {"id"=>"1"}
  Rendering layout layouts/application.html.erb
  Rendering subjects/edit.html.erb within layouts/application
  Rendered subjects/edit.html.erb within layouts/application (Duration: 0.4ms | Allocations: 1046)
  Rendered layout layouts/application.html.erb (Duration: 0.9ms | Allocations: 1110)
Completed 500 Internal Server Error in 2ms (Allocations: 1457)


  
ActionView::Template::Error (No route matches {:action=>"edit", :controller=>"subjects", :id=>nil}, missing required keys: [:id]):
    1: <h1>Subjects#edit</h1>
    2: <p><%= link_to('Edit subject', edit_subject_path(@subject)) %></p>
  
app/views/subjects/edit.html.erb:2
Started GET "/" for ::1 at 2021-02-03 10:31:14 -0600
Processing by Rails::WelcomeController#index as HTML
  Rendering /home/jmartin/.rbenv/versions/2.7.0/lib/ruby/gems/2.7.0/gems/railties-6.1.1/lib/rails/templates/rails/welcome/index.html.erb
  Rendered /home/jmartin/.rbenv/versions/2.7.0/lib/ruby/gems/2.7.0/gems/railties-6.1.1/lib/rails/templates/rails/welcome/index.html.erb (Duration: 0.1ms | Allocations: 48)
Completed 200 OK in 1ms (Views: 0.8ms | Allocations: 392)


Started GET "/subjects/show" for ::1 at 2021-02-03 10:31:21 -0600
Processing by SubjectsController#show as HTML
  Rendering layout layouts/application.html.erb
  Rendering subjects/show.html.erb within layouts/application
  Rendered subjects/show.html.erb within layouts/application (Duration: 0.7ms | Allocations: 1496)
  Rendered layout layouts/application.html.erb (Duration: 1.0ms | Allocations: 1560)
Completed 500 Internal Server Error in 2ms (Allocations: 1906)


  
ActionView::Template::Error (undefined method `id' for nil:NilClass):
    1: <h1>Subjects#show </h1>
    2: <p> <%= link_to('Edit subject', edit_subject_path(@subject)) %></p>
  
app/views/subjects/show.html.erb:2
Started GET "/subjects/" for ::1 at 2021-02-03 10:32:49 -0600
Processing by SubjectsController#index as HTML
  Rendering layout layouts/application.html.erb
  Rendering subjects/index.html.erb within layouts/application
  Rendered subjects/index.html.erb within layouts/application (Duration: 0.1ms | Allocations: 66)
[Webpacker] Everything's up-to-date. Nothing to do
  Rendered layout layouts/application.html.erb (Duration: 5.3ms | Allocations: 3184)
Completed 200 OK in 6ms (Views: 5.9ms | Allocations: 3558)


Started GET "/subjects" for ::1 at 2021-02-03 10:32:54 -0600
Processing by SubjectsController#index as HTML
  Rendering layout layouts/application.html.erb
  Rendering subjects/index.html.erb within layouts/application
  Rendered subjects/index.html.erb within layouts/application (Duration: 0.1ms | Allocations: 63)
[Webpacker] Everything's up-to-date. Nothing to do
  Rendered layout layouts/application.html.erb (Duration: 6.9ms | Allocations: 3265)
Completed 200 OK in 8ms (Views: 7.6ms | Allocations: 3646)


Started GET "/subjects" for ::1 at 2021-02-03 10:32:59 -0600
Processing by SubjectsController#index as HTML
  Rendering layout layouts/application.html.erb
  Rendering subjects/index.html.erb within layouts/application
  Rendered subjects/index.html.erb within layouts/application (Duration: 0.2ms | Allocations: 63)
[Webpacker] Everything's up-to-date. Nothing to do
  Rendered layout layouts/application.html.erb (Duration: 8.8ms | Allocations: 3167)
Completed 200 OK in 10ms (Views: 9.6ms | Allocations: 3541)


Started GET "/subjects" for ::1 at 2021-02-03 10:33:01 -0600
Processing by SubjectsController#index as HTML
  Rendering layout layouts/application.html.erb
  Rendering subjects/index.html.erb within layouts/application
  Rendered subjects/index.html.erb within layouts/application (Duration: 0.2ms | Allocations: 63)
[Webpacker] Everything's up-to-date. Nothing to do
  Rendered layout layouts/application.html.erb (Duration: 7.2ms | Allocations: 3163)
Completed 200 OK in 9ms (Views: 8.2ms | Allocations: 3540)


Started GET "/subjects/1" for ::1 at 2021-02-03 10:33:23 -0600
Processing by SubjectsController#show as HTML
  Parameters: {"id"=>"1"}
  Rendering layout layouts/application.html.erb
  Rendering subjects/show.html.erb within layouts/application
  Rendered subjects/show.html.erb within layouts/application (Duration: 0.6ms | Allocations: 1495)
  Rendered layout layouts/application.html.erb (Duration: 0.9ms | Allocations: 1559)
Completed 500 Internal Server Error in 2ms (Allocations: 1905)


  
ActionView::Template::Error (undefined method `id' for nil:NilClass):
    1: <h1>Subjects#show </h1>
    2: <p> <%= link_to('Edit subject', edit_subject_path(@subject)) %></p>
  
app/views/subjects/show.html.erb:2
Started GET "/subjects/1" for ::1 at 2021-02-03 10:36:17 -0600
Processing by SubjectsController#show as HTML
  Parameters: {"id"=>"1"}
  Rendering layout layouts/application.html.erb
  Rendering subjects/show.html.erb within layouts/application
  Rendered subjects/show.html.erb within layouts/application (Duration: 1.0ms | Allocations: 1495)
  Rendered layout layouts/application.html.erb (Duration: 1.8ms | Allocations: 1559)
Completed 500 Internal Server Error in 3ms (Allocations: 1905)


  
ActionView::Template::Error (undefined method `id' for nil:NilClass):
    1: <h1>Subjects#show </h1>
    2: <p> <%= link_to('Edit subject', edit_subject_path(@subject)) %></p>
  
app/views/subjects/show.html.erb:2
Started GET "/subjects" for ::1 at 2021-02-03 10:36:21 -0600
Processing by SubjectsController#index as HTML
  Rendering layout layouts/application.html.erb
  Rendering subjects/index.html.erb within layouts/application
  Rendered subjects/index.html.erb within layouts/application (Duration: 0.5ms | Allocations: 63)
[Webpacker] Everything's up-to-date. Nothing to do
  Rendered layout layouts/application.html.erb (Duration: 6.1ms | Allocations: 3180)
Completed 200 OK in 7ms (Views: 7.0ms | Allocations: 3554)


Started GET "/subjects" for ::1 at 2021-02-03 10:36:24 -0600
Processing by SubjectsController#index as HTML
  Rendering layout layouts/application.html.erb
  Rendering subjects/index.html.erb within layouts/application
  Rendered subjects/index.html.erb within layouts/application (Duration: 0.1ms | Allocations: 63)
[Webpacker] Everything's up-to-date. Nothing to do
  Rendered layout layouts/application.html.erb (Duration: 5.7ms | Allocations: 3163)
Completed 200 OK in 7ms (Views: 6.5ms | Allocations: 3540)


Started GET "/subjects" for ::1 at 2021-02-03 10:36:38 -0600
Processing by SubjectsController#index as HTML
  Rendering layout layouts/application.html.erb
  Rendering subjects/index.html.erb within layouts/application
  Rendered subjects/index.html.erb within layouts/application (Duration: 0.2ms | Allocations: 63)
[Webpacker] Everything's up-to-date. Nothing to do
  Rendered layout layouts/application.html.erb (Duration: 10.5ms | Allocations: 3189)
Completed 200 OK in 12ms (Views: 11.4ms | Allocations: 3566)


Started GET "/subjects" for ::1 at 2021-02-03 10:36:47 -0600
Processing by SubjectsController#index as HTML
  Rendering layout layouts/application.html.erb
  Rendering subjects/index.html.erb within layouts/application
  Rendered subjects/index.html.erb within layouts/application (Duration: 0.2ms | Allocations: 63)
[Webpacker] Everything's up-to-date. Nothing to do
  Rendered layout layouts/application.html.erb (Duration: 9.4ms | Allocations: 3163)
Completed 200 OK in 11ms (Views: 10.4ms | Allocations: 3537)


Started GET "/subjects/1" for ::1 at 2021-02-03 10:37:10 -0600
Processing by SubjectsController#show as HTML
  Parameters: {"id"=>"1"}
  Rendering layout layouts/application.html.erb
  Rendering subjects/show.html.erb within layouts/application
  Rendered subjects/show.html.erb within layouts/application (Duration: 0.6ms | Allocations: 1496)
  Rendered layout layouts/application.html.erb (Duration: 1.0ms | Allocations: 1560)
Completed 500 Internal Server Error in 2ms (Allocations: 1906)


  
ActionView::Template::Error (undefined method `id' for nil:NilClass):
    1: <h1>Subjects#show </h1>
    2: <p> <%= link_to('Edit subject', edit_subject_path(@subject)) %></p>
  
app/views/subjects/show.html.erb:2
Started GET "/" for ::1 at 2021-02-03 10:38:46 -0600
Processing by Rails::WelcomeController#index as HTML
  Rendering /home/jmartin/.rbenv/versions/2.7.0/lib/ruby/gems/2.7.0/gems/railties-6.1.1/lib/rails/templates/rails/welcome/index.html.erb
  Rendered /home/jmartin/.rbenv/versions/2.7.0/lib/ruby/gems/2.7.0/gems/railties-6.1.1/lib/rails/templates/rails/welcome/index.html.erb (Duration: 0.4ms | Allocations: 48)
Completed 200 OK in 1ms (Views: 1.1ms | Allocations: 391)


Started GET "/demo" for ::1 at 2021-02-03 10:39:04 -0600
  
ActionController::RoutingError (No route matches [GET] "/demo"):
  
Started GET "/demo/index" for ::1 at 2021-02-03 10:39:16 -0600
  
ActionController::RoutingError (No route matches [GET] "/demo/index"):
  
Started GET "/demo/index.html" for ::1 at 2021-02-03 10:39:23 -0600
  
ActionController::RoutingError (No route matches [GET] "/demo/index.html"):
  
Started GET "/subjects" for ::1 at 2021-02-03 10:39:34 -0600
Processing by SubjectsController#index as HTML
  Rendering layout layouts/application.html.erb
  Rendering subjects/index.html.erb within layouts/application
  Rendered subjects/index.html.erb within layouts/application (Duration: 0.1ms | Allocations: 63)
[Webpacker] Everything's up-to-date. Nothing to do
  Rendered layout layouts/application.html.erb (Duration: 5.3ms | Allocations: 3179)
Completed 200 OK in 6ms (Views: 5.7ms | Allocations: 3553)


Started GET "/subjects" for ::1 at 2021-02-03 10:39:37 -0600
Processing by SubjectsController#index as HTML
  Rendering layout layouts/application.html.erb
  Rendering subjects/index.html.erb within layouts/application
  Rendered subjects/index.html.erb within layouts/application (Duration: 0.2ms | Allocations: 63)
[Webpacker] Everything's up-to-date. Nothing to do
  Rendered layout layouts/application.html.erb (Duration: 7.1ms | Allocations: 3165)
Completed 200 OK in 8ms (Views: 7.8ms | Allocations: 3542)


Started GET "/subjects/1" for ::1 at 2021-02-03 10:39:58 -0600
Processing by SubjectsController#show as HTML
  Parameters: {"id"=>"1"}
  Rendering layout layouts/application.html.erb
  Rendering subjects/show.html.erb within layouts/application
  Rendered subjects/show.html.erb within layouts/application (Duration: 0.6ms | Allocations: 1495)
  Rendered layout layouts/application.html.erb (Duration: 1.0ms | Allocations: 1559)
Completed 500 Internal Server Error in 2ms (Allocations: 1905)


  
ActionView::Template::Error (undefined method `id' for nil:NilClass):
    1: <h1>Subjects#show </h1>
    2: <p> <%= link_to('Edit subject', edit_subject_path(@subject)) %></p>
  
app/views/subjects/show.html.erb:2
Started GET "/subjects/1/edit" for ::1 at 2021-02-03 10:40:29 -0600
Processing by SubjectsController#edit as HTML
  Parameters: {"id"=>"1"}
  Rendering layout layouts/application.html.erb
  Rendering subjects/edit.html.erb within layouts/application
  Rendered subjects/edit.html.erb within layouts/application (Duration: 0.4ms | Allocations: 1043)
  Rendered layout layouts/application.html.erb (Duration: 0.7ms | Allocations: 1107)
Completed 500 Internal Server Error in 2ms (Allocations: 1453)


  
ActionView::Template::Error (No route matches {:action=>"edit", :controller=>"subjects", :id=>nil}, missing required keys: [:id]):
    1: <h1>Subjects#edit</h1>
    2: <p><%= link_to('Edit subject', edit_subject_path(@subject)) %></p>
  
app/views/subjects/edit.html.erb:2
  [1m[35m (0.2ms)[0m  [1m[34mSELECT GET_LOCK('3664083811000030320', 0)[0m
  [1m[35m (0.2ms)[0m  [1m[34mSELECT `schema_migrations`.`version` FROM `schema_migrations` ORDER BY `schema_migrations`.`version` ASC[0m
Migrating to CreateSubjeccts (20210203164130)
  [1m[35m (14.8ms)[0m  [1m[35mCREATE TABLE `subjeccts` (`id` bigint NOT NULL AUTO_INCREMENT PRIMARY KEY, `name` varchar(255), `type` varchar(255), `created_at` datetime(6) NOT NULL, `updated_at` datetime(6) NOT NULL)[0m
  [1m[36mTRANSACTION (0.3ms)[0m  [1m[35mBEGIN[0m
  [1m[36mActiveRecord::SchemaMigration Create (0.4ms)[0m  [1m[32mINSERT INTO `schema_migrations` (`version`) VALUES ('20210203164130')[0m
  [1m[36mTRANSACTION (2.1ms)[0m  [1m[35mCOMMIT[0m
  [1m[36mActiveRecord::InternalMetadata Load (0.4ms)[0m  [1m[34mSELECT `ar_internal_metadata`.* FROM `ar_internal_metadata` WHERE `ar_internal_metadata`.`key` = 'environment' LIMIT 1[0m
  [1m[35m (0.2ms)[0m  [1m[34mSELECT RELEASE_LOCK('3664083811000030320')[0m
  [1m[35m (0.3ms)[0m  [1m[34mSELECT `schema_migrations`.`version` FROM `schema_migrations` ORDER BY `schema_migrations`.`version` ASC[0m
  [1m[35m (0.2ms)[0m  [1m[34mSELECT GET_LOCK('3664083811000030320', 0)[0m
  [1m[35m (0.3ms)[0m  [1m[34mSELECT `schema_migrations`.`version` FROM `schema_migrations` ORDER BY `schema_migrations`.`version` ASC[0m
Migrating to CreateSubjects (20210203164210)
  [1m[35m (16.7ms)[0m  [1m[35mCREATE TABLE `subjects` (`id` bigint NOT NULL AUTO_INCREMENT PRIMARY KEY, `name` varchar(255), `type` varchar(255), `created_at` datetime(6) NOT NULL, `updated_at` datetime(6) NOT NULL)[0m
  [1m[36mTRANSACTION (0.1ms)[0m  [1m[35mBEGIN[0m
  [1m[36mActiveRecord::SchemaMigration Create (0.1ms)[0m  [1m[32mINSERT INTO `schema_migrations` (`version`) VALUES ('20210203164210')[0m
  [1m[36mTRANSACTION (1.1ms)[0m  [1m[35mCOMMIT[0m
  [1m[36mActiveRecord::InternalMetadata Load (0.2ms)[0m  [1m[34mSELECT `ar_internal_metadata`.* FROM `ar_internal_metadata` WHERE `ar_internal_metadata`.`key` = 'environment' LIMIT 1[0m
  [1m[35m (0.1ms)[0m  [1m[34mSELECT RELEASE_LOCK('3664083811000030320')[0m
  [1m[35m (0.1ms)[0m  [1m[34mSELECT `schema_migrations`.`version` FROM `schema_migrations` ORDER BY `schema_migrations`.`version` ASC[0m
Started GET "/" for ::1 at 2021-02-03 11:24:23 -0600
  [1m[35m (0.6ms)[0m  [1m[34mSELECT `schema_migrations`.`version` FROM `schema_migrations` ORDER BY `schema_migrations`.`version` ASC[0m
  [1m[35mCACHE  (0.0ms)[0m  [1m[34mSELECT `schema_migrations`.`version` FROM `schema_migrations` ORDER BY `schema_migrations`.`version` ASC[0m
  
ActiveRecord::PendingMigrationError (

Migrations are pending. To resolve this issue, run:

        bin/rails db:migrate RAILS_ENV=development

You have 1 pending migration:

20210203170305_create_users.rb


):
  
activerecord (6.1.1) lib/active_record/migration.rb:625:in `check_pending!'
activerecord (6.1.1) lib/active_record/migration.rb:590:in `block (2 levels) in call'
activesupport (6.1.1) lib/active_support/evented_file_update_checker.rb:59:in `execute'
activerecord (6.1.1) lib/active_record/migration.rb:595:in `block in call'
activerecord (6.1.1) lib/active_record/migration.rb:587:in `synchronize'
activerecord (6.1.1) lib/active_record/migration.rb:587:in `call'
actionpack (6.1.1) lib/action_dispatch/middleware/callbacks.rb:27:in `block in call'
activesupport (6.1.1) lib/active_support/callbacks.rb:98:in `run_callbacks'
actionpack (6.1.1) lib/action_dispatch/middleware/callbacks.rb:26:in `call'
actionpack (6.1.1) lib/action_dispatch/middleware/executor.rb:14:in `call'
actionpack (6.1.1) lib/action_dispatch/middleware/actionable_exceptions.rb:18:in `call'
actionpack (6.1.1) lib/action_dispatch/middleware/debug_exceptions.rb:29:in `call'
web-console (4.1.0) lib/web_console/middleware.rb:132:in `call_app'
web-console (4.1.0) lib/web_console/middleware.rb:28:in `block in call'
web-console (4.1.0) lib/web_console/middleware.rb:17:in `catch'
web-console (4.1.0) lib/web_console/middleware.rb:17:in `call'
actionpack (6.1.1) lib/action_dispatch/middleware/show_exceptions.rb:33:in `call'
railties (6.1.1) lib/rails/rack/logger.rb:37:in `call_app'
railties (6.1.1) lib/rails/rack/logger.rb:26:in `block in call'
activesupport (6.1.1) lib/active_support/tagged_logging.rb:99:in `block in tagged'
activesupport (6.1.1) lib/active_support/tagged_logging.rb:37:in `tagged'
activesupport (6.1.1) lib/active_support/tagged_logging.rb:99:in `tagged'
railties (6.1.1) lib/rails/rack/logger.rb:26:in `call'
sprockets-rails (3.2.2) lib/sprockets/rails/quiet_assets.rb:13:in `call'
actionpack (6.1.1) lib/action_dispatch/middleware/remote_ip.rb:81:in `call'
actionpack (6.1.1) lib/action_dispatch/middleware/request_id.rb:26:in `call'
rack (2.2.3) lib/rack/method_override.rb:24:in `call'
rack (2.2.3) lib/rack/runtime.rb:22:in `call'
activesupport (6.1.1) lib/active_support/cache/strategy/local_cache_middleware.rb:29:in `call'
actionpack (6.1.1) lib/action_dispatch/middleware/executor.rb:14:in `call'
actionpack (6.1.1) lib/action_dispatch/middleware/static.rb:24:in `call'
rack (2.2.3) lib/rack/sendfile.rb:110:in `call'
actionpack (6.1.1) lib/action_dispatch/middleware/host_authorization.rb:98:in `call'
rack-mini-profiler (2.3.1) lib/mini_profiler/profiler.rb:373:in `call'
webpacker (5.2.1) lib/webpacker/dev_server_proxy.rb:25:in `perform_request'
rack-proxy (0.6.5) lib/rack/proxy.rb:57:in `call'
railties (6.1.1) lib/rails/engine.rb:539:in `call'
puma (5.2.0) lib/puma/configuration.rb:247:in `call'
puma (5.2.0) lib/puma/request.rb:76:in `block in handle_request'
puma (5.2.0) lib/puma/thread_pool.rb:337:in `with_force_shutdown'
puma (5.2.0) lib/puma/request.rb:75:in `handle_request'
puma (5.2.0) lib/puma/server.rb:432:in `process_client'
puma (5.2.0) lib/puma/thread_pool.rb:145:in `block in spawn_thread'
